Unable to capture context for thread 9736 in process 8220, can not generate back trace
Unable to capture context for thread 12092 in process 8220, can not generate back trace
Unable to capture context for thread 5656 in process 8220, can not generate back trace
Unable to capture context for thread 10220 in process 8220, can not generate back trace
Exception at PC 0x00007FFE9014BB93
Printing stacktrace...

Unable to capture context for thread 9736 in process 8220, can not generate back trace
Unable to capture context for thread 12092 in process 8220, can not generate back trace
Unable to capture context for thread 5656 in process 8220, can not generate back trace
Unable to capture context for thread 10220 in process 8220, can not generate back trace
Exception at PC 0x00007FFF069E3C58
Exception at PC 0x00007FFF069E3C58
Exception at PC 0x00007FFF069E3C58
Exception at PC 0x00007FFF069E3C58
Exception at PC 0x00007FFF069E3C58
Exception at PC 0x00007FFF069E3C58
Exception at PC 0x00007FFF069E3C58
Exception at PC 0x00007FFF069E3C58
Exception at PC 0x00007FFF069E3C58
Exception at PC 0x00007FFF069E3C58
Exception at PC 0x00007FFF069E3C58
Exception at PC 0x00007FFF069E3C58
Exception at PC 0x00007FFF069E3C58
Exception at PC 0x00007FFF069E3C58
[0]  [0x00007FFE9014BB93]
[1]  [0x00007FFE9014BB93]
[2]  [0x00007FFE9014B4A1]
[3]  [0x00007FFE9014B3EF]
[4]  [0x00007FFE901319FE]
[5]  [0x00007FFE90130ED1]
[6]  [0x00007FFE90130D76]
[7]  [0x00007FFE900D79F6]
[8]  [0x00007FFE900C7AFB]
[9]  [0x00007FFE901EE90A]
[10]  [0x00007FFE90209F87]
[11]  [0x00007FFE9020A05F]
[12] (BaseThreadInitThunk+0x14) [0x00007FFF07078364]
[13] (RtlUserThreadStart+0x21) [0x00007FFF09A270D1]
Done
Exception at PC 0x00007FFF069E3C58
Exception at PC 0x00007FFF069E3C58
Exception at PC 0x00007FFF069E3C58
Exception at PC 0x00007FFF069E3C58
Exception at PC 0x00007FFF069E3C58
Exception at PC 0x00007FFF069E3C58
Exception at PC 0x00007FFF069E3C58
