Copyright 1986-2016 Xilinx, Inc. All Rights Reserved.
-------------------------------------------------------------------------------------------------------------------------------------------------------------------
| Tool Version     : Vivado v.2016.2 (win64) Build 1577090 Thu Jun  2 16:32:40 MDT 2016
| Date             : Fri May 19 10:35:45 2017
| Host             : DANIEL running 64-bit major release  (build 9200)
| Command          : report_power -file super_top_level_power_routed.rpt -pb super_top_level_power_summary_routed.pb -rpx super_top_level_power_routed.rpx
| Design           : super_top_level
| Device           : xc7a35tcpg236-1
| Design State     : routed
| Grade            : commercial
| Process          : typical
| Characterization : Production
-------------------------------------------------------------------------------------------------------------------------------------------------------------------

Power Report

Table of Contents
-----------------
1. Summary
1.1 On-Chip Components
1.2 Power Supply Summary
1.3 Confidence Level
2. Settings
2.1 Environment
2.2 Clock Constraints
3. Detailed Reports
3.1 By Hierarchy

1. Summary
----------

+--------------------------+-------+
| Total On-Chip Power (W)  | 0.080 |
| Dynamic (W)              | 0.008 |
| Device Static (W)        | 0.072 |
| Effective TJA (C/W)      | 5.0   |
| Max Ambient (C)          | 84.6  |
| Junction Temperature (C) | 25.4  |
| Confidence Level         | Low   |
| Setting File             | ---   |
| Simulation Activity File | ---   |
| Design Nets Matched      | NA    |
+--------------------------+-------+


1.1 On-Chip Components
----------------------

+--------------------------+-----------+----------+-----------+-----------------+
| On-Chip                  | Power (W) | Used     | Available | Utilization (%) |
+--------------------------+-----------+----------+-----------+-----------------+
| Clocks                   |    <0.001 |        3 |       --- |             --- |
| Slice Logic              |    <0.001 |      395 |       --- |             --- |
|   LUT as Logic           |    <0.001 |      228 |     20800 |            1.10 |
|   LUT as Distributed RAM |    <0.001 |       24 |      9600 |            0.25 |
|   CARRY4                 |    <0.001 |        8 |      8150 |            0.10 |
|   Register               |    <0.001 |       65 |     41600 |            0.16 |
|   BUFG                   |    <0.001 |        1 |        32 |            3.13 |
|   Others                 |     0.000 |       22 |       --- |             --- |
| Signals                  |     0.001 |      381 |       --- |             --- |
| Block RAM                |    <0.001 |      0.5 |        50 |            1.00 |
| I/O                      |     0.006 |       46 |       106 |           43.40 |
| Static Power             |     0.072 |          |           |                 |
| Total                    |     0.080 |          |           |                 |
+--------------------------+-----------+----------+-----------+-----------------+


1.2 Power Supply Summary
------------------------

+-----------+-------------+-----------+-------------+------------+
| Source    | Voltage (V) | Total (A) | Dynamic (A) | Static (A) |
+-----------+-------------+-----------+-------------+------------+
| Vccint    |       1.000 |     0.012 |       0.003 |      0.010 |
| Vccaux    |       1.800 |     0.013 |       0.000 |      0.013 |
| Vcco33    |       3.300 |     0.003 |       0.002 |      0.001 |
| Vcco25    |       2.500 |     0.000 |       0.000 |      0.000 |
| Vcco18    |       1.800 |     0.000 |       0.000 |      0.000 |
| Vcco15    |       1.500 |     0.000 |       0.000 |      0.000 |
| Vcco135   |       1.350 |     0.000 |       0.000 |      0.000 |
| Vcco12    |       1.200 |     0.000 |       0.000 |      0.000 |
| Vccaux_io |       1.800 |     0.000 |       0.000 |      0.000 |
| Vccbram   |       1.000 |     0.000 |       0.000 |      0.000 |
| MGTAVcc   |       1.000 |     0.000 |       0.000 |      0.000 |
| MGTAVtt   |       1.200 |     0.000 |       0.000 |      0.000 |
| Vccadc    |       1.800 |     0.020 |       0.000 |      0.020 |
+-----------+-------------+-----------+-------------+------------+


1.3 Confidence Level
--------------------

+-----------------------------+------------+--------------------------------------------------------+--------------------------------------------------------------------------------------------------------------------+
| User Input Data             | Confidence | Details                                                | Action                                                                                                             |
+-----------------------------+------------+--------------------------------------------------------+--------------------------------------------------------------------------------------------------------------------+
| Design implementation state | High       | Design is routed                                       |                                                                                                                    |
| Clock nodes activity        | Low        | User specified less than 75% of clocks                 | Provide missing clock activity with a constraint file, simulation results or by editing the "By Clock Domain" view |
| I/O nodes activity          | Low        | More than 75% of inputs are missing user specification | Provide missing input activity with simulation results or by editing the "By Resource Type -> I/Os" view           |
| Internal nodes activity     | Medium     | User specified less than 25% of internal nodes         | Provide missing internal nodes activity with simulation results or by editing the "By Resource Type" views         |
| Device models               | High       | Device models are Production                           |                                                                                                                    |
|                             |            |                                                        |                                                                                                                    |
| Overall confidence level    | Low        |                                                        |                                                                                                                    |
+-----------------------------+------------+--------------------------------------------------------+--------------------------------------------------------------------------------------------------------------------+


2. Settings
-----------

2.1 Environment
---------------

+-----------------------+--------------------------+
| Ambient Temp (C)      | 25.0                     |
| ThetaJA (C/W)         | 5.0                      |
| Airflow (LFM)         | 250                      |
| Heat Sink             | medium (Medium Profile)  |
| ThetaSA (C/W)         | 4.6                      |
| Board Selection       | medium (10"x10")         |
| # of Board Layers     | 12to15 (12 to 15 Layers) |
| Board Temperature (C) | 25.0                     |
+-----------------------+--------------------------+


2.2 Clock Constraints
---------------------

+-------------+--------+-----------------+
| Clock       | Domain | Constraint (ns) |
+-------------+--------+-----------------+
| sys_clk_pin | clk    |            10.0 |
+-------------+--------+-----------------+


3. Detailed Reports
-------------------

3.1 By Hierarchy
----------------

+-----------------------------+-----------+
| Name                        | Power (W) |
+-----------------------------+-----------+
| super_top_level             |     0.008 |
|   Unidade_controladora      |    <0.001 |
|     Bloco_de_Controle       |    <0.001 |
|     IR                      |    <0.001 |
|     PC                      |    <0.001 |
|     ex_memory               |    <0.001 |
|   datapath                  |    <0.001 |
|     Input_register          |    <0.001 |
|     Output_register         |    <0.001 |
|     alunit                  |    <0.001 |
|     mem1                    |    <0.001 |
|     register                |    <0.001 |
|       mem_reg_r1_0_15_0_5   |    <0.001 |
|       mem_reg_r1_0_15_12_15 |    <0.001 |
|       mem_reg_r1_0_15_6_11  |    <0.001 |
|       mem_reg_r2_0_15_0_5   |    <0.001 |
|       mem_reg_r2_0_15_12_15 |    <0.001 |
|       mem_reg_r2_0_15_6_11  |    <0.001 |
|   decoder_7seg              |    <0.001 |
+-----------------------------+-----------+


