#-----------------------------------------------------------
# Vivado v2016.2 (64-bit)
# SW Build 1577090 on Thu Jun  2 16:32:40 MDT 2016
# IP Build 1577682 on Fri Jun  3 12:00:54 MDT 2016
# Start of session at: Sun Aug 20 16:28:57 2017
# Process ID: 3412
# Current directory: D:/PCID/processador
# Command line: vivado.exe -gui_launcher_event rodinguilauncherevent1224 D:\PCID\processador\processador.xpr
# Log file: D:/PCID/processador/vivado.log
# Journal file: D:/PCID/processador\vivado.jou
#-----------------------------------------------------------
start_gui
open_project D:/PCID/processador/processador.xpr
INFO: [Project 1-313] Project file moved from 'C:/Users/Haroldo/Documents/PCID/processador' since last save.
Scanning sources...
Finished scanning sources
INFO: [IP_Flow 19-234] Refreshing IP repositories
INFO: [IP_Flow 19-1700] Loaded user IP repository 'd:/PCID/processador/processador.srcs/sources_1/new'.
INFO: [IP_Flow 19-2313] Loaded Vivado IP repository 'C:/Xilinx/Vivado/2016.2/data/ip'.
open_project: Time (s): cpu = 00:00:13 ; elapsed = 00:00:06 . Memory (MB): peak = 770.215 ; gain = 127.723
update_compile_order -fileset sources_1
exit
INFO: [Common 17-206] Exiting Vivado at Sun Aug 20 16:29:38 2017...
